  正在清理远程项目目录
  正在验证源
  正在将源远程复制到“172.16.6.244”
  正在验证体系结构
  正在验证体系结构
  正在启动远程生成
  正在编译源:
  client.c
D:\test\Socket\linux_client\client.c(29,13): warning : conversion to ‘short unsigned int’ from ‘int’ may alter its value [-Wconversion]
D:\test\Socket\linux_client\client.c(29,13): warning :              pm = Message_New(128, 129, i, strlen(test), buf, 2);
D:\test\Socket\linux_client\client.c(29,13): warning :              ^
D:\test\Socket\linux_client\client.c(29,49): warning : conversion to ‘short unsigned int’ from ‘size_t’ may alter its value [-Wconversion]
D:\test\Socket\linux_client\client.c(29,49): warning :              pm = Message_New(128, 129, i, strlen(test), buf, 2);
D:\test\Socket\linux_client\client.c(29,49): warning :                                                  ^
  tcp_client.c
D:\test\Socket\linux_client\tcp_client.c(45,22): warning : initialization from incompatible pointer type [enabled by default]
D:\test\Socket\linux_client\tcp_client.c(45,22): warning :          char* data = Message_H2N(msg);
D:\test\Socket\linux_client\tcp_client.c(45,22): warning :                       ^
D:\test\Socket\linux_client\tcp_client.c(46,9): warning : conversion to ‘size_t’ from ‘int’ may change the sign of the result [-Wsign-conversion]
D:\test\Socket\linux_client\tcp_client.c(46,9): warning :          ret = (send(c->fd, data, len, 0) != -1);
D:\test\Socket\linux_client\tcp_client.c(46,9): warning :          ^
D:\test\Socket\linux_client\tcp_client.c(58,9): warning : conversion to ‘size_t’ from ‘int’ may change the sign of the result [-Wsign-conversion]
D:\test\Socket\linux_client\tcp_client.c(58,9): warning :          ret = (send(c->fd, buf, length, 0) != -1);
D:\test\Socket\linux_client\tcp_client.c(58,9): warning :          ^
D:\test\Socket\linux_client\tcp_client.c(79,9): warning : conversion to ‘size_t’ from ‘int’ may change the sign of the result [-Wsign-conversion]
D:\test\Socket\linux_client\tcp_client.c(79,9): warning :          ret = recv(c->fd, buf, length, 0);
D:\test\Socket\linux_client\tcp_client.c(79,9): warning :          ^
D:\test\Socket\linux_client\tcp_client.c(79,19): warning : conversion to ‘int’ from ‘ssize_t’ may alter its value [-Wconversion]
D:\test\Socket\linux_client\tcp_client.c(79,19): warning :          ret = recv(c->fd, buf, length, 0);
D:\test\Socket\linux_client\tcp_client.c(79,19): warning :                    ^
D:\test\Socket\linux_client\tcp_client.c(95,9): warning : conversion to ‘uint16_t’ from ‘int’ may alter its value [-Wconversion]
D:\test\Socket\linux_client\tcp_client.c(95,9): warning :          addr.sin_port = htons(port);
D:\test\Socket\linux_client\tcp_client.c(95,9): warning :          ^
  message.c
D:\test\Socket\linux_client\message.c(33,31): warning : conversion to ‘int’ from ‘long unsigned int’ may alter its value [-Wconversion]
D:\test\Socket\linux_client\message.c(33,31): warning :          ret = sizeof(Message) + m->length;
D:\test\Socket\linux_client\message.c(33,31): warning :                                ^
  msg_parser.c
D:\test\Socket\linux_client\msg_parser.c(29,23): warning : conversion to ‘int’ from ‘unsigned int’ may change the sign of the result [-Wsign-conversion]
D:\test\Socket\linux_client\msg_parser.c(29,23): warning :      p->need = p->cache.length;
D:\test\Socket\linux_client\msg_parser.c(29,23): warning :                        ^
D:\test\Socket\linux_client\msg_parser.c(30,41): warning : conversion to ‘long unsigned int’ from ‘int’ may change the sign of the result [-Wsign-conversion]
D:\test\Socket\linux_client\msg_parser.c(30,41): warning :      p->msg = malloc(sizeof(p->cache) + p->need);
D:\test\Socket\linux_client\msg_parser.c(30,41): warning :                                          ^
D:\test\Socket\linux_client\msg_parser.c(69,42): warning : conversion to ‘size_t’ from ‘int’ may change the sign of the result [-Wsign-conversion]
D:\test\Socket\linux_client\msg_parser.c(69,42): warning :          int len = read(fd, buf + i, size - i);
D:\test\Socket\linux_client\msg_parser.c(69,42): warning :                                           ^
D:\test\Socket\linux_client\msg_parser.c(69,23): warning : conversion to ‘int’ from ‘ssize_t’ may alter its value [-Wconversion]
D:\test\Socket\linux_client\msg_parser.c(69,23): warning :          int len = read(fd, buf + i, size - i);
D:\test\Socket\linux_client\msg_parser.c(69,23): warning :                        ^
D:\test\Socket\linux_client\msg_parser.c(86,13): warning : implicit declaration of function ‘usleep’ [-Wimplicit-function-declaration]
D:\test\Socket\linux_client\msg_parser.c(86,13): warning :              usleep(200 * 1000);
D:\test\Socket\linux_client\msg_parser.c(86,13): warning :              ^
D:\test\Socket\linux_client\msg_parser.c(114,45): warning : conversion to ‘unsigned int’ from ‘int’ may change the sign of the result [-Wsign-conversion]
D:\test\Socket\linux_client\msg_parser.c(114,52): warning : conversion to ‘int’ from ‘unsigned int’ may change the sign of the result [-Wsign-conversion]
D:\test\Socket\linux_client\msg_parser.c(115,46): warning : conversion to ‘long unsigned int’ from ‘int’ may change the sign of the result [-Wsign-conversion]
D:\test\Socket\linux_client\msg_parser.c(115,46): warning :              int offset = sizeof(p->cache) - p->need;
D:\test\Socket\linux_client\msg_parser.c(115,46): warning :                                               ^
D:\test\Socket\linux_client\msg_parser.c(115,43): warning : conversion to ‘int’ from ‘long unsigned int’ may alter its value [-Wconversion]
D:\test\Socket\linux_client\msg_parser.c(115,43): warning :              int offset = sizeof(p->cache) - p->need;
D:\test\Socket\linux_client\msg_parser.c(115,43): warning :                                            ^
D:\test\Socket\linux_client\msg_parser.c(117,13): warning : conversion to ‘size_t’ from ‘int’ may change the sign of the result [-Wsign-conversion]
D:\test\Socket\linux_client\msg_parser.c(117,13): warning :              memcpy((char*)&p->cache + offset, mem, len);
D:\test\Socket\linux_client\msg_parser.c(117,13): warning :              ^
D:\test\Socket\linux_client\msg_parser.c(124,28): warning : conversion to ‘unsigned int’ from ‘int’ may change the sign of the result [-Wsign-conversion]
D:\test\Socket\linux_client\msg_parser.c(124,28): warning :                  length -= p->need;
D:\test\Socket\linux_client\msg_parser.c(124,28): warning :                             ^
D:\test\Socket\linux_client\msg_parser.c(144,49): warning : conversion to ‘unsigned int’ from ‘int’ may change the sign of the result [-Wsign-conversion]
D:\test\Socket\linux_client\msg_parser.c(144,56): warning : conversion to ‘int’ from ‘unsigned int’ may change the sign of the result [-Wsign-conversion]
D:\test\Socket\linux_client\msg_parser.c(145,48): warning : conversion to ‘unsigned int’ from ‘int’ may change the sign of the result [-Wsign-conversion]
D:\test\Socket\linux_client\msg_parser.c(145,48): warning :                  int offset = p->msg->length - p->need;
D:\test\Socket\linux_client\msg_parser.c(145,48): warning :                                                 ^
D:\test\Socket\linux_client\msg_parser.c(145,45): warning : conversion to ‘int’ from ‘unsigned int’ may change the sign of the result [-Wsign-conversion]
D:\test\Socket\linux_client\msg_parser.c(145,45): warning :                  int offset = p->msg->length - p->need;
D:\test\Socket\linux_client\msg_parser.c(145,45): warning :                                              ^
D:\test\Socket\linux_client\msg_parser.c(147,17): warning : conversion to ‘size_t’ from ‘int’ may change the sign of the result [-Wsign-conversion]
D:\test\Socket\linux_client\msg_parser.c(147,17): warning :                  memcpy(p->msg->payload + offset, mem, len);
D:\test\Socket\linux_client\msg_parser.c(147,17): warning :                  ^
D:\test\Socket\linux_client\msg_parser.c(152,13): warning : suggest parentheses around assignment used as truth value [-Wparentheses]
D:\test\Socket\linux_client\msg_parser.c(152,13): warning :              if( ret = ToLastState(p) )
D:\test\Socket\linux_client\msg_parser.c(152,13): warning :              ^
D:\test\Socket\linux_client\msg_parser.c(171,46): warning : conversion to ‘long unsigned int’ from ‘int’ may change the sign of the result [-Wsign-conversion]
D:\test\Socket\linux_client\msg_parser.c(171,46): warning :              int offset = sizeof(p->cache) - p->need;
D:\test\Socket\linux_client\msg_parser.c(171,46): warning :                                               ^
D:\test\Socket\linux_client\msg_parser.c(171,43): warning : conversion to ‘int’ from ‘long unsigned int’ may alter its value [-Wconversion]
D:\test\Socket\linux_client\msg_parser.c(171,43): warning :              int offset = sizeof(p->cache) - p->need;
D:\test\Socket\linux_client\msg_parser.c(171,43): warning :                                            ^
D:\test\Socket\linux_client\msg_parser.c(194,48): warning : conversion to ‘unsigned int’ from ‘int’ may change the sign of the result [-Wsign-conversion]
D:\test\Socket\linux_client\msg_parser.c(194,48): warning :                  int offset = p->msg->length - p->need;
D:\test\Socket\linux_client\msg_parser.c(194,48): warning :                                                 ^
D:\test\Socket\linux_client\msg_parser.c(194,45): warning : conversion to ‘int’ from ‘unsigned int’ may change the sign of the result [-Wsign-conversion]
D:\test\Socket\linux_client\msg_parser.c(194,45): warning :                  int offset = p->msg->length - p->need;
D:\test\Socket\linux_client\msg_parser.c(194,45): warning :                                              ^
D:\test\Socket\linux_client\msg_parser.c(200,13): warning : suggest parentheses around assignment used as truth value [-Wparentheses]
D:\test\Socket\linux_client\msg_parser.c(200,13): warning :              if( ret = ToLastState(p) )
D:\test\Socket\linux_client\msg_parser.c(200,13): warning :              ^
  正在链接对象
  linux_client.vcxproj -> D:\test\Socket\linux_client\bin\x64\Debug\linux_client.out
