  Client.cpp
  myerror.cpp
  main.cpp
  message.cpp
  net.cpp
D:\work\student\socket\client\message.h(6,7): warning C4200: 使用了非标准扩展: 结构/联合中的零大小数组 (编译源文件 message.cpp)
D:\work\student\socket\client\message.h(6,7): message : 默认构造函数或 copy/move 赋值运算符将忽略此成员 (编译源文件 message.cpp)
  NetTransPackage.cpp
  TcpClass.cpp
  UdpClass.cpp
  UdpClient.cpp
D:\work\student\socket\client\NetTransPackage.h(9,10): warning C4200: 使用了非标准扩展: 结构/联合中的零大小数组 (编译源文件 NetTransPackage.cpp)
D:\work\student\socket\client\NetTransPackage.h(9,10): message : 默认构造函数或 copy/move 赋值运算符将忽略此成员 (编译源文件 NetTransPackage.cpp)
D:\work\student\socket\client\NetTransPackage.h(10,2): warning C4091: “typedef ”: 没有声明变量时忽略“NetTransPackage”的左侧 (编译源文件 NetTransPackage.cpp)
D:\work\student\socket\client\message.h(6,7): warning C4200: 使用了非标准扩展: 结构/联合中的零大小数组 (编译源文件 Client.cpp)
D:\work\student\socket\client\message.h(6,7): message : 默认构造函数或 copy/move 赋值运算符将忽略此成员 (编译源文件 Client.cpp)
D:\work\student\socket\client\Client.cpp(8,15): warning C4244: “=”: 从“SOCKET”转换到“int”，可能丢失数据
D:\work\student\socket\client\Client.cpp(42,49): warning C4267: “参数”: 从“size_t”转换到“int”，可能丢失数据
D:\work\student\socket\client\Client.cpp(26,34): warning C4996: 'inet_addr': Use inet_pton() or InetPton() instead or define _WINSOCK_DEPRECATED_NO_WARNINGS to disable deprecated API warnings
D:\work\student\socket\client\NetTransPackage.h(9,10): warning C4200: 使用了非标准扩展: 结构/联合中的零大小数组 (编译源文件 UdpClient.cpp)
D:\work\student\socket\client\NetTransPackage.h(9,10): message : 默认构造函数或 copy/move 赋值运算符将忽略此成员 (编译源文件 UdpClient.cpp)
D:\work\student\socket\client\NetTransPackage.h(10,2): warning C4091: “typedef ”: 没有声明变量时忽略“NetTransPackage”的左侧 (编译源文件 UdpClient.cpp)
D:\work\student\socket\client\UdpClient.cpp(13,35): warning C4267: “初始化”: 从“size_t”转换到“int”，可能丢失数据
D:\work\student\socket\client\UdpClient.cpp(6,37): warning C4996: 'inet_addr': Use inet_pton() or InetPton() instead or define _WINSOCK_DEPRECATED_NO_WARNINGS to disable deprecated API warnings
D:\work\student\socket\client\UdpClient.cpp(29,18): warning C4244: “=”: 从“SOCKET”转换到“int”，可能丢失数据
  client.vcxproj -> D:\work\student\socket\x64\Debug\client.exe
