d:\test\student\socket\client\x64\debug\message.obj
d:\test\student\socket\client\x64\debug\udpclient.obj
d:\test\student\socket\client\x64\debug\main.obj
d:\test\student\socket\client\x64\debug\client.obj
d:\test\student\socket\client\x64\debug\net.obj
d:\test\student\socket\client\x64\debug\myerror.obj
d:\test\student\socket\client\x64\debug\nettranspackage.obj
d:\test\student\socket\client\x64\debug\tcpclass.obj
d:\test\student\socket\client\x64\debug\udpclass.obj
d:\test\student\socket\client\x64\debug\vc142.pdb
d:\test\student\socket\client\x64\debug\client.ilk
d:\test\student\socket\x64\debug\client.exe
d:\test\student\socket\x64\debug\client.pdb
d:\test\student\socket\client\x64\debug\vc142.idb
d:\test\student\socket\client\x64\debug\client.tlog\cl.10788.write.1.tlog
d:\test\student\socket\client\x64\debug\client.tlog\cl.command.1.tlog
d:\test\student\socket\client\x64\debug\client.tlog\cl.read.1.tlog
d:\test\student\socket\client\x64\debug\client.tlog\link.command.1.tlog
d:\test\student\socket\client\x64\debug\client.tlog\link.read.1.tlog
d:\test\student\socket\client\x64\debug\client.tlog\link.write.1.tlog
