d:\test\student\socket\server\x64\debug\main.obj
d:\test\student\socket\server\x64\debug\server.obj
d:\test\student\socket\server\x64\debug\net.obj
d:\test\student\socket\server\x64\debug\message.obj
d:\test\student\socket\server\x64\debug\udp.obj
d:\test\student\socket\server\x64\debug\udpclass.obj
d:\test\student\socket\server\x64\debug\myerror.obj
d:\test\student\socket\server\x64\debug\client.obj
d:\test\student\socket\server\x64\debug\nettranspackage.obj
d:\test\student\socket\server\x64\debug\udpserver.obj
d:\test\student\socket\server\x64\debug\tcpclass.obj
d:\test\student\socket\server\x64\debug\vc142.pdb
d:\test\student\socket\server\x64\debug\vc142.idb
d:\test\student\socket\x64\debug\server.exe
d:\test\student\socket\server\x64\debug\server.ilk
d:\test\student\socket\x64\debug\server.pdb
d:\test\student\socket\server\x64\debug\server.tlog\cl.command.1.tlog
d:\test\student\socket\server\x64\debug\server.tlog\cl.read.1.tlog
d:\test\student\socket\server\x64\debug\server.tlog\cl.write.1.tlog
d:\test\student\socket\server\x64\debug\server.tlog\link.command.1.tlog
d:\test\student\socket\server\x64\debug\server.tlog\link.read.1.tlog
d:\test\student\socket\server\x64\debug\server.tlog\link.write.1.tlog
