  Client.cpp
  main.cpp
  message.cpp
  myerror.cpp
  net.cpp
  NetTransPackage.cpp
  Server.cpp
  TcpClass.cpp
D:\test\student\socket\server\message.h(6,7): warning C4200: 使用了非标准扩展: 结构/联合中的零大小数组 (编译源文件 message.cpp)
D:\test\student\socket\server\message.h(6,7): message : 默认构造函数或 copy/move 赋值运算符将忽略此成员 (编译源文件 message.cpp)
  udp.cpp
  UdpClass.cpp
D:\test\student\socket\server\NetTransPackage.h(9,10): warning C4200: 使用了非标准扩展: 结构/联合中的零大小数组 (编译源文件 NetTransPackage.cpp)
D:\test\student\socket\server\NetTransPackage.h(9,10): message : 默认构造函数或 copy/move 赋值运算符将忽略此成员 (编译源文件 NetTransPackage.cpp)
D:\test\student\socket\server\NetTransPackage.h(10,2): warning C4091: “typedef ”: 没有声明变量时忽略“NetTransPackage”的左侧 (编译源文件 NetTransPackage.cpp)
  UdpServer.cpp
D:\test\student\socket\server\UdpClass.cpp(15,44): warning C4996: 'inet_ntoa': Use inet_ntop() or InetNtop() instead or define _WINSOCK_DEPRECATED_NO_WARNINGS to disable deprecated API warnings
D:\test\student\socket\server\message.h(6,7): warning C4200: 使用了非标准扩展: 结构/联合中的零大小数组 (编译源文件 Client.cpp)
D:\test\student\socket\server\message.h(6,7): message : 默认构造函数或 copy/move 赋值运算符将忽略此成员 (编译源文件 Client.cpp)
D:\test\student\socket\server\Client.cpp(28,48): warning C4996: 'inet_ntoa': Use inet_ntop() or InetNtop() instead or define _WINSOCK_DEPRECATED_NO_WARNINGS to disable deprecated API warnings
D:\test\student\socket\server\Client.cpp(15,7): warning C4101: “buf”: 未引用的局部变量
D:\test\student\socket\server\Server.cpp(37,25): warning C4244: “=”: 从“SOCKET”转换到“int”，可能丢失数据
D:\test\student\socket\server\Server.cpp(38,46): warning C4996: 'inet_ntoa': Use inet_ntop() or InetNtop() instead or define _WINSOCK_DEPRECATED_NO_WARNINGS to disable deprecated API warnings
D:\test\student\socket\server\Server.cpp(55,15): warning C4244: “=”: 从“SOCKET”转换到“int”，可能丢失数据
D:\test\student\socket\server\NetTransPackage.h(9,10): warning C4200: 使用了非标准扩展: 结构/联合中的零大小数组 (编译源文件 main.cpp)
D:\test\student\socket\server\NetTransPackage.h(9,10): message : 默认构造函数或 copy/move 赋值运算符将忽略此成员 (编译源文件 main.cpp)
D:\test\student\socket\server\NetTransPackage.h(10,2): warning C4091: “typedef ”: 没有声明变量时忽略“NetTransPackage”的左侧 (编译源文件 main.cpp)
D:\test\student\socket\server\NetTransPackage.h(9,10): warning C4200: 使用了非标准扩展: 结构/联合中的零大小数组 (编译源文件 UdpServer.cpp)
D:\test\student\socket\server\NetTransPackage.h(9,10): message : 默认构造函数或 copy/move 赋值运算符将忽略此成员 (编译源文件 UdpServer.cpp)
D:\test\student\socket\server\NetTransPackage.h(10,2): warning C4091: “typedef ”: 没有声明变量时忽略“NetTransPackage”的左侧 (编译源文件 UdpServer.cpp)
D:\test\student\socket\server\UdpServer.cpp(9,18): warning C4244: “=”: 从“SOCKET”转换到“int”，可能丢失数据
D:\test\student\socket\server\UdpServer.cpp(44,35): warning C4267: “初始化”: 从“size_t”转换到“int”，可能丢失数据
D:\test\student\socket\server\UdpServer.cpp(92,65): warning C4996: 'inet_ntoa': Use inet_ntop() or InetNtop() instead or define _WINSOCK_DEPRECATED_NO_WARNINGS to disable deprecated API warnings
  server.vcxproj -> D:\test\student\socket\x64\Debug\server.exe
