  正在清理远程项目目录
  正在验证源
  正在将源远程复制到“192.168.1.8”
  正在验证体系结构
  正在验证体系结构
D:\vs2019\IDE\MSBuild\Microsoft\VC\v160\Application Type\Linux\1.0\Linux.targets(202,5): warning : 当前项目体系结构“x64”不兼容远程系统体系结构“x86”(“x86”)。请在 Configuration Manager 中将项目体系结构切换为“x86”。如果正在交叉编译，可以忽略此警告。
  正在启动远程生成
  正在编译源:
  message.c
E:\Socket\linux_server\message.c(33,15): warning : conversion to ‘int’ from ‘unsigned int’ may change the sign of the result [-Wsign-conversion]
E:\Socket\linux_server\message.c(33,15): warning :          ret = sizeof(Message) + m->length;
E:\Socket\linux_server\message.c(33,15): warning :                ^
  msg_parser.c
E:\Socket\linux_server\msg_parser.c(29,15): warning : conversion to ‘int’ from ‘unsigned int’ may change the sign of the result [-Wsign-conversion]
E:\Socket\linux_server\msg_parser.c(29,15): warning :      p->need = p->cache.length;
E:\Socket\linux_server\msg_parser.c(29,15): warning :                ^
E:\Socket\linux_server\msg_parser.c(30,38): warning : conversion to ‘unsigned int’ from ‘int’ may change the sign of the result [-Wsign-conversion]
E:\Socket\linux_server\msg_parser.c(30,38): warning :      p->msg = malloc(sizeof(p->cache) + p->need);
E:\Socket\linux_server\msg_parser.c(30,38): warning :                                       ^
E:\Socket\linux_server\msg_parser.c(69,37): warning : conversion to ‘size_t {aka unsigned int}’ from ‘int’ may change the sign of the result [-Wsign-conversion]
E:\Socket\linux_server\msg_parser.c(69,37): warning :          int len = read(fd, buf + i, size - i);
E:\Socket\linux_server\msg_parser.c(69,37): warning :                                      ^
E:\Socket\linux_server\msg_parser.c(86,13): warning : implicit declaration of function ‘usleep’ [-Wimplicit-function-declaration]
E:\Socket\linux_server\msg_parser.c(86,13): warning :              usleep(200 * 1000);
E:\Socket\linux_server\msg_parser.c(86,13): warning :              ^
E:\Socket\linux_server\msg_parser.c(114,52): warning : conversion to ‘unsigned int’ from ‘int’ may change the sign of the result [-Wsign-conversion]
E:\Socket\linux_server\msg_parser.c(114,23): warning : conversion to ‘int’ from ‘unsigned int’ may change the sign of the result [-Wsign-conversion]
E:\Socket\linux_server\msg_parser.c(115,43): warning : conversion to ‘unsigned int’ from ‘int’ may change the sign of the result [-Wsign-conversion]
E:\Socket\linux_server\msg_parser.c(115,43): warning :              int offset = sizeof(p->cache) - p->need;
E:\Socket\linux_server\msg_parser.c(115,43): warning :                                            ^
E:\Socket\linux_server\msg_parser.c(115,26): warning : conversion to ‘int’ from ‘unsigned int’ may change the sign of the result [-Wsign-conversion]
E:\Socket\linux_server\msg_parser.c(115,26): warning :              int offset = sizeof(p->cache) - p->need;
E:\Socket\linux_server\msg_parser.c(115,26): warning :                           ^
E:\Socket\linux_server\msg_parser.c(117,52): warning : conversion to ‘size_t {aka unsigned int}’ from ‘int’ may change the sign of the result [-Wsign-conversion]
E:\Socket\linux_server\msg_parser.c(117,52): warning :              memcpy((char*)&p->cache + offset, mem, len);
E:\Socket\linux_server\msg_parser.c(117,52): warning :                                                     ^
E:\Socket\linux_server\msg_parser.c(124,24): warning : conversion to ‘unsigned int’ from ‘int’ may change the sign of the result [-Wsign-conversion]
E:\Socket\linux_server\msg_parser.c(124,24): warning :                  length -= p->need;
E:\Socket\linux_server\msg_parser.c(124,24): warning :                         ^
E:\Socket\linux_server\msg_parser.c(144,56): warning : conversion to ‘unsigned int’ from ‘int’ may change the sign of the result [-Wsign-conversion]
E:\Socket\linux_server\msg_parser.c(144,27): warning : conversion to ‘int’ from ‘unsigned int’ may change the sign of the result [-Wsign-conversion]
E:\Socket\linux_server\msg_parser.c(145,45): warning : conversion to ‘unsigned int’ from ‘int’ may change the sign of the result [-Wsign-conversion]
E:\Socket\linux_server\msg_parser.c(145,45): warning :                  int offset = p->msg->length - p->need;
E:\Socket\linux_server\msg_parser.c(145,45): warning :                                              ^
E:\Socket\linux_server\msg_parser.c(145,30): warning : conversion to ‘int’ from ‘unsigned int’ may change the sign of the result [-Wsign-conversion]
E:\Socket\linux_server\msg_parser.c(145,30): warning :                  int offset = p->msg->length - p->need;
E:\Socket\linux_server\msg_parser.c(145,30): warning :                               ^
E:\Socket\linux_server\msg_parser.c(147,55): warning : conversion to ‘size_t {aka unsigned int}’ from ‘int’ may change the sign of the result [-Wsign-conversion]
E:\Socket\linux_server\msg_parser.c(147,55): warning :                  memcpy(p->msg->payload + offset, mem, len);
E:\Socket\linux_server\msg_parser.c(147,55): warning :                                                        ^
E:\Socket\linux_server\msg_parser.c(152,13): warning : suggest parentheses around assignment used as truth value [-Wparentheses]
E:\Socket\linux_server\msg_parser.c(152,13): warning :              if( ret = ToLastState(p) )
E:\Socket\linux_server\msg_parser.c(152,13): warning :              ^
E:\Socket\linux_server\msg_parser.c(171,43): warning : conversion to ‘unsigned int’ from ‘int’ may change the sign of the result [-Wsign-conversion]
E:\Socket\linux_server\msg_parser.c(171,43): warning :              int offset = sizeof(p->cache) - p->need;
E:\Socket\linux_server\msg_parser.c(171,43): warning :                                            ^
E:\Socket\linux_server\msg_parser.c(171,26): warning : conversion to ‘int’ from ‘unsigned int’ may change the sign of the result [-Wsign-conversion]
E:\Socket\linux_server\msg_parser.c(171,26): warning :              int offset = sizeof(p->cache) - p->need;
E:\Socket\linux_server\msg_parser.c(171,26): warning :                           ^
E:\Socket\linux_server\msg_parser.c(194,45): warning : conversion to ‘unsigned int’ from ‘int’ may change the sign of the result [-Wsign-conversion]
E:\Socket\linux_server\msg_parser.c(194,45): warning :                  int offset = p->msg->length - p->need;
E:\Socket\linux_server\msg_parser.c(194,45): warning :                                              ^
E:\Socket\linux_server\msg_parser.c(194,30): warning : conversion to ‘int’ from ‘unsigned int’ may change the sign of the result [-Wsign-conversion]
E:\Socket\linux_server\msg_parser.c(194,30): warning :                  int offset = p->msg->length - p->need;
E:\Socket\linux_server\msg_parser.c(194,30): warning :                               ^
E:\Socket\linux_server\msg_parser.c(200,13): warning : suggest parentheses around assignment used as truth value [-Wparentheses]
E:\Socket\linux_server\msg_parser.c(200,13): warning :              if( ret = ToLastState(p) )
E:\Socket\linux_server\msg_parser.c(200,13): warning :              ^
  server.c
E:\Socket\linux_server\server.c(24,28): warning : conversion to ‘size_t {aka unsigned int}’ from ‘int’ may change the sign of the result [-Wsign-conversion]
E:\Socket\linux_server\server.c(24,28): warning :                  s = malloc(m->total + 1);
E:\Socket\linux_server\server.c(24,28): warning :                             ^
  tcp_client.c
E:\Socket\linux_server\tcp_client.c(45,22): warning : initialization from incompatible pointer type [-Wincompatible-pointer-types]
E:\Socket\linux_server\tcp_client.c(45,22): warning :          char* data = Message_H2N(msg);
E:\Socket\linux_server\tcp_client.c(45,22): warning :                       ^
E:\Socket\linux_server\tcp_client.c(46,34): warning : conversion to ‘size_t {aka unsigned int}’ from ‘int’ may change the sign of the result [-Wsign-conversion]
E:\Socket\linux_server\tcp_client.c(46,34): warning :          ret = (send(c->fd, data, len, 0) != -1);
E:\Socket\linux_server\tcp_client.c(46,34): warning :                                   ^
E:\Socket\linux_server\tcp_client.c(58,33): warning : conversion to ‘size_t {aka unsigned int}’ from ‘int’ may change the sign of the result [-Wsign-conversion]
E:\Socket\linux_server\tcp_client.c(58,33): warning :          ret = (send(c->fd, buf, length, 0) != -1);
E:\Socket\linux_server\tcp_client.c(58,33): warning :                                  ^
E:\Socket\linux_server\tcp_client.c(79,32): warning : conversion to ‘size_t {aka unsigned int}’ from ‘int’ may change the sign of the result [-Wsign-conversion]
E:\Socket\linux_server\tcp_client.c(79,32): warning :          ret = recv(c->fd, buf, length, 0);
E:\Socket\linux_server\tcp_client.c(79,32): warning :                                 ^
E:\Socket\linux_server\tcp_client.c(95,31): warning : conversion to ‘uint16_t {aka short unsigned int}’ from ‘int’ may alter its value [-Wconversion]
E:\Socket\linux_server\tcp_client.c(95,31): warning :          addr.sin_port = htons(port);
E:\Socket\linux_server\tcp_client.c(95,31): warning :                                ^
  tcp_server.c
E:\Socket\linux_server\tcp_server.c(51,32): warning : conversion to ‘uint16_t {aka short unsigned int}’ from ‘int’ may alter its value [-Wconversion]
E:\Socket\linux_server\tcp_server.c(51,32): warning :          saddr.sin_port = htons(port);
E:\Socket\linux_server\tcp_server.c(51,32): warning :                                 ^
E:\Socket\linux_server\tcp_server.c(108,40): warning : passing argument 2 of ‘accept’ from incompatible pointer type [-Wincompatible-pointer-types]
E:\Socket\linux_server\tcp_server.c(108,40): warning :                  int fd = accept(s->fd, &caddr, &asize);
E:\Socket\linux_server\tcp_server.c(108,40): warning :                                         ^
/usr/include/i386-linux-gnu/sys/socket.h(243,12): message : expected ‘struct sockaddr * restrict’ but argument is of type ‘struct sockaddr_in *’
/usr/include/i386-linux-gnu/sys/socket.h(243,12): message :  extern int accept (int __fd, __SOCKADDR_ARG __addr,
/usr/include/i386-linux-gnu/sys/socket.h(243,12): message :             ^
E:\Socket\linux_server\tcp_server.c(96,9): warning : variable ‘ret’ set but not used [-Wunused-but-set-variable]
E:\Socket\linux_server\tcp_server.c(96,9): warning :      int ret = max;
E:\Socket\linux_server\tcp_server.c(96,9): warning :          ^
E:\Socket\linux_server\tcp_server.c(139,1): warning : no return statement in function returning non-void [-Wreturn-type]
E:\Socket\linux_server\tcp_server.c(139,1): warning :  }
E:\Socket\linux_server\tcp_server.c(139,1): warning :  ^
E:\Socket\linux_server\tcp_server.c(39,1): warning : control reaches end of non-void function [-Wreturn-type]
E:\Socket\linux_server\tcp_server.c(39,1): warning :  }
E:\Socket\linux_server\tcp_server.c(39,1): warning :  ^
  正在链接对象
  linux_server.vcxproj -> E:\Socket\linux_server\bin\x64\Debug\linux_server.out
