D:\软件\Visual_Studio\Community\MSBuild\Microsoft\VC\v160\Microsoft.CppClean.targets(77,5): warning : 对路径“d:\work\student\socket\debug\client.exe”的访问被拒绝。
  Client.cpp
  myerror.cpp
  main.cpp
  message.cpp
  net.cpp
  NetTransPackage.cpp
  TcpClass.cpp
D:\work\student\socket\client\message.h(6,7): warning C4200: 使用了非标准扩展: 结构/联合中的零大小数组 (编译源文件 message.cpp)
D:\work\student\socket\client\message.h(6,7): message : 默认构造函数或 copy/move 赋值运算符将忽略此成员 (编译源文件 message.cpp)
  UdpClass.cpp
  UdpClient.cpp
D:\work\student\socket\client\message.h(6,7): warning C4200: 使用了非标准扩展: 结构/联合中的零大小数组 (编译源文件 Client.cpp)
D:\work\student\socket\client\message.h(6,7): message : 默认构造函数或 copy/move 赋值运算符将忽略此成员 (编译源文件 Client.cpp)
D:\work\student\socket\client\Client.cpp(26,34): warning C4996: 'inet_addr': Use inet_pton() or InetPton() instead or define _WINSOCK_DEPRECATED_NO_WARNINGS to disable deprecated API warnings
D:\work\student\socket\client\NetTransPackage.h(9,10): warning C4200: 使用了非标准扩展: 结构/联合中的零大小数组 (编译源文件 NetTransPackage.cpp)
D:\work\student\socket\client\NetTransPackage.h(9,10): message : 默认构造函数或 copy/move 赋值运算符将忽略此成员 (编译源文件 NetTransPackage.cpp)
D:\work\student\socket\client\NetTransPackage.h(10,2): warning C4091: “typedef ”: 没有声明变量时忽略“NetTransPackage”的左侧 (编译源文件 NetTransPackage.cpp)
D:\work\student\socket\client\NetTransPackage.cpp(45,24): warning C4018: “<”: 有符号/无符号不匹配
D:\work\student\socket\client\NetTransPackage.h(9,10): warning C4200: 使用了非标准扩展: 结构/联合中的零大小数组 (编译源文件 UdpClient.cpp)
D:\work\student\socket\client\NetTransPackage.h(9,10): message : 默认构造函数或 copy/move 赋值运算符将忽略此成员 (编译源文件 UdpClient.cpp)
D:\work\student\socket\client\NetTransPackage.h(10,2): warning C4091: “typedef ”: 没有声明变量时忽略“NetTransPackage”的左侧 (编译源文件 UdpClient.cpp)
D:\work\student\socket\client\UdpClient.cpp(6,37): warning C4996: 'inet_addr': Use inet_pton() or InetPton() instead or define _WINSOCK_DEPRECATED_NO_WARNINGS to disable deprecated API warnings
  client.vcxproj -> D:\work\student\socket\Debug\client.exe
