d:\work\student\socket\client\debug\net.obj
d:\work\student\socket\client\debug\message.obj
d:\work\student\socket\client\debug\udpclient.obj
d:\work\student\socket\client\debug\main.obj
d:\work\student\socket\client\debug\nettranspackage.obj
d:\work\student\socket\client\debug\myerror.obj
d:\work\student\socket\client\debug\client.obj
d:\work\student\socket\client\debug\tcpclass.obj
d:\work\student\socket\client\debug\udpclass.obj
d:\work\student\socket\client\debug\vc142.pdb
d:\work\student\socket\client\debug\client.ilk
d:\work\student\socket\debug\client.exe
d:\work\student\socket\debug\client.pdb
d:\work\student\socket\client\debug\vc142.idb
d:\work\student\socket\client\debug\client.tlog\cl.12804.write.1.tlog
d:\work\student\socket\client\debug\client.tlog\cl.command.1.tlog
d:\work\student\socket\client\debug\client.tlog\cl.read.1.tlog
d:\work\student\socket\client\debug\client.tlog\link.command.1.tlog
d:\work\student\socket\client\debug\client.tlog\link.read.1.tlog
d:\work\student\socket\client\debug\client.tlog\link.write.1.tlog
