d:\work\student\socket\server\debug\nettranspackage.obj
d:\work\student\socket\server\debug\server.obj
d:\work\student\socket\server\debug\message.obj
d:\work\student\socket\server\debug\udp.obj
d:\work\student\socket\server\debug\udpclass.obj
d:\work\student\socket\server\debug\tcpclass.obj
d:\work\student\socket\server\debug\udpserver.obj
d:\work\student\socket\server\debug\client.obj
d:\work\student\socket\server\debug\myerror.obj
d:\work\student\socket\server\debug\main.obj
d:\work\student\socket\server\debug\net.obj
d:\work\student\socket\server\debug\vc142.pdb
d:\work\student\socket\server\debug\server.ilk
d:\work\student\socket\debug\server.exe
d:\work\student\socket\debug\server.pdb
d:\work\student\socket\server\debug\vc142.idb
d:\work\student\socket\server\debug\server.tlog\cl.14252.write.1.tlog
d:\work\student\socket\server\debug\server.tlog\cl.command.1.tlog
d:\work\student\socket\server\debug\server.tlog\cl.read.1.tlog
d:\work\student\socket\server\debug\server.tlog\link.command.1.tlog
d:\work\student\socket\server\debug\server.tlog\link.read.1.tlog
d:\work\student\socket\server\debug\server.tlog\link.write.1.tlog
